<?xml version="1.0" encoding="UTF-8"?>
<!-- Generated by org.testng.reporters.JUnitXMLReporter -->
<testsuite hostname="IMW42SLPC1373" name="Regression suite 1" tests="4" failures="0" timestamp="12 Feb 2018 07:17:19 GMT" time="69.664" errors="0">
  <testcase name="verify_user_able_to_click_creatDoctor_Link" time="3.517" classname="com.mydoctor.MyDoctor1"/>
  <testcase name="verify_user_able_to_click_deleteDoctor_Link" time="3.181" classname="com.mydoctor.MyDoctor2"/>
  <testcase name="verify_user_able_to_click_deletePatient_Link" time="3.058" classname="com.mydoctor.MyDoctor3"/>
  <testcase name="verify_user_able_to_click_approveDoctors_link" time="3.084" classname="com.mydoctor.MyDoctor5"/>
</testsuite> <!-- Regression suite 1 -->
