<?xml version="1.0" encoding="UTF-8"?>
<!-- Generated by org.testng.reporters.JUnitXMLReporter -->
<testsuite hostname="IMW42SLPC1373" name="Regression suite 1" tests="5" failures="0" timestamp="12 Feb 2018 12:04:27 GMT" time="159.26" errors="0">
  <testcase name="verify_user_able_to_click_creatDoctor_Link" time="13.015" classname="com.mydoctor.MyDoctor1"/>
  <testcase name="verify_user_able_to_click_deleteDoctor_Link" time="10.042" classname="com.mydoctor.MyDoctor2"/>
  <testcase name="verify_user_able_to_click_deletePatient_Link" time="13.041" classname="com.mydoctor.MyDoctor3"/>
  <testcase name="verify_user_able_to_click_changePassword_Link" time="16.053" classname="com.mydoctor.MyDoctor4"/>
  <testcase name="verify_user_able_to_click_approveDoctors_link" time="18.409" classname="com.mydoctor.MyDoctor5"/>
</testsuite> <!-- Regression suite 1 -->
