<?xml version="1.0" encoding="UTF-8"?>
<testng-results skipped="0" failed="0" total="1" passed="1">
  <reporter-output>
  </reporter-output>
  <suite name="example suite 1" duration-ms="22753" started-at="2018-02-08T07:14:02Z" finished-at="2018-02-08T07:14:25Z">
    <groups>
    </groups>
    <test name="Regression suite 1" duration-ms="22753" started-at="2018-02-08T07:14:02Z" finished-at="2018-02-08T07:14:25Z">
      <class name="com.mydoctor.MyDoctor">
        <test-method status="PASS" signature="OpenBroweser()[pri:0, instance:com.mydoctor.MyDoctor@47f37ef1]" name="OpenBroweser" is-config="true" duration-ms="14294" started-at="2018-02-08T12:44:02Z" finished-at="2018-02-08T12:44:17Z">
          <reporter-output>
          </reporter-output>
        </test-method> <!-- OpenBroweser -->
        <test-method status="PASS" signature="verify_user_able_to_click_creatDoctor_Link()[pri:0, instance:com.mydoctor.MyDoctor@47f37ef1]" name="verify_user_able_to_click_creatDoctor_Link" duration-ms="4388" started-at="2018-02-08T12:44:17Z" finished-at="2018-02-08T12:44:21Z">
          <reporter-output>
          </reporter-output>
        </test-method> <!-- verify_user_able_to_click_creatDoctor_Link -->
        <test-method status="PASS" signature="logout()[pri:0, instance:com.mydoctor.MyDoctor@47f37ef1]" name="logout" is-config="true" duration-ms="4061" started-at="2018-02-08T12:44:21Z" finished-at="2018-02-08T12:44:25Z">
          <reporter-output>
          </reporter-output>
        </test-method> <!-- logout -->
      </class> <!-- com.mydoctor.MyDoctor -->
    </test> <!-- Regression suite 1 -->
  </suite> <!-- example suite 1 -->
</testng-results>
